2025-07-18 19:29:25.929 [main] INFO  c.w.l.LaptopstoreApplicationTests - Starting LaptopstoreApplicationTests using Java 24.0.1 with PID 360 (started by SDJ in C:\Users\SDJ\Documents\program\mobileshop\Mobile-Shop\laptopstore-day2)
2025-07-18 19:29:25.951 [main] DEBUG c.w.l.LaptopstoreApplicationTests - Running with Spring Boot v3.5.3, Spring v6.2.8
2025-07-18 19:29:25.953 [main] INFO  c.w.l.LaptopstoreApplicationTests - No active profile set, falling back to 1 default profile: "default"
2025-07-18 19:29:26.185 [main] DEBUG o.s.w.c.s.GenericWebApplicationContext - Refreshing org.springframework.web.context.support.GenericWebApplicationContext@720653c2
2025-07-18 19:29:31.550 [main] INFO  o.s.d.r.c.RepositoryConfigurationDelegate - Bootstrapping Spring Data JPA repositories in DEFAULT mode.
2025-07-18 19:29:32.349 [main] INFO  o.s.d.r.c.RepositoryConfigurationDelegate - Finished Spring Data repository scanning in 703 ms. Found 4 JPA repository interfaces.
2025-07-18 19:29:39.394 [main] INFO  o.h.jpa.internal.util.LogHelper - HHH000204: Processing PersistenceUnitInfo [name: default]
2025-07-18 19:29:39.718 [main] INFO  org.hibernate.Version - HHH000412: Hibernate ORM core version 6.6.18.Final
2025-07-18 19:29:39.847 [main] INFO  o.h.c.i.RegionFactoryInitiator - HHH000026: Second-level cache disabled
2025-07-18 19:29:41.581 [main] INFO  o.s.o.j.p.SpringPersistenceUnitInfo - No LoadTimeWeaver setup: ignoring JPA class transformer
2025-07-18 19:29:41.731 [main] INFO  com.zaxxer.hikari.HikariDataSource - HikariPool-1 - Starting...
2025-07-18 19:29:42.398 [main] INFO  com.zaxxer.hikari.pool.HikariPool - HikariPool-1 - Added connection conn0: url=jdbc:h2:mem:laptopstore user=SA
2025-07-18 19:29:42.404 [main] INFO  com.zaxxer.hikari.HikariDataSource - HikariPool-1 - Start completed.
2025-07-18 19:29:42.599 [main] WARN  org.hibernate.orm.deprecation - HHH90000025: H2Dialect does not need to be specified explicitly using 'hibernate.dialect' (remove the property setting and it will be selected by default)
2025-07-18 19:29:42.741 [main] INFO  o.hibernate.orm.connections.pooling - HHH10001005: Database info:
	Database JDBC URL [Connecting through datasource 'HikariDataSource (HikariPool-1)']
	Database driver: undefined/unknown
	Database version: 2.3.232
	Autocommit mode: undefined/unknown
	Isolation level: undefined/unknown
	Minimum pool size: undefined/unknown
	Maximum pool size: undefined/unknown
2025-07-18 19:29:49.829 [main] INFO  o.h.e.t.j.p.i.JtaPlatformInitiator - HHH000489: No JTA platform available (set 'hibernate.transaction.jta.platform' to enable JTA platform integration)
2025-07-18 19:29:50.018 [main] INFO  o.s.o.j.LocalContainerEntityManagerFactoryBean - Initialized JPA EntityManagerFactory for persistence unit 'default'
2025-07-18 19:29:50.841 [main] INFO  o.s.d.j.r.query.QueryEnhancerFactory - Hibernate is in classpath; If applicable, HQL parser will be used.
2025-07-18 19:29:52.397 [main] INFO  c.w.l.service.LaptopService - Initializing sample laptop data
2025-07-18 19:29:52.870 [main] DEBUG c.w.l.service.LaptopService - No existing laptops found, creating sample data
2025-07-18 19:29:53.015 [main] DEBUG c.w.l.service.LaptopService - Created sample laptop: Dell XPS 13
2025-07-18 19:29:53.023 [main] DEBUG c.w.l.service.LaptopService - Created sample laptop: MacBook Pro 14"
2025-07-18 19:29:53.030 [main] DEBUG c.w.l.service.LaptopService - Created sample laptop: HP Spectre x360
2025-07-18 19:29:53.037 [main] DEBUG c.w.l.service.LaptopService - Created sample laptop: ASUS ROG Strix G15
2025-07-18 19:29:53.048 [main] INFO  c.w.l.service.LaptopService - Successfully initialized 4 sample laptops
2025-07-18 19:29:53.922 [main] WARN  o.s.b.a.o.j.JpaBaseConfiguration$JpaWebConfiguration - spring.jpa.open-in-view is enabled by default. Therefore, database queries may be performed during view rendering. Explicitly configure spring.jpa.open-in-view to disable this warning
2025-07-18 19:29:54.223 [main] DEBUG o.s.w.s.m.m.a.RequestMappingHandlerMapping - 19 mappings in 'requestMappingHandlerMapping'
2025-07-18 19:29:54.549 [main] DEBUG o.s.w.s.h.SimpleUrlHandlerMapping - Patterns [/webjars/**, /**] in 'resourceHandlerMapping'
2025-07-18 19:29:54.610 [main] INFO  o.s.s.c.a.a.c.InitializeUserDetailsBeanManagerConfigurer$InitializeUserDetailsManagerConfigurer - Global AuthenticationManager configured with UserDetailsService bean with name customUserDetailsService
2025-07-18 19:29:54.728 [main] INFO  c.w.l.config.SecurityConfig - Configuring security filter chain
2025-07-18 19:29:54.811 [main] INFO  c.w.l.config.SecurityConfig - Security configuration completed
2025-07-18 19:29:54.862 [main] DEBUG o.s.s.web.DefaultSecurityFilterChain - Will secure any request with filters: DisableEncodeUrlFilter, WebAsyncManagerIntegrationFilter, SecurityContextHolderFilter, HeaderWriterFilter, CsrfFilter, LogoutFilter, UsernamePasswordAuthenticationFilter, RequestCacheAwareFilter, SecurityContextHolderAwareRequestFilter, AnonymousAuthenticationFilter, ExceptionTranslationFilter, AuthorizationFilter
2025-07-18 19:29:55.268 [main] DEBUG o.s.w.s.m.m.a.RequestMappingHandlerAdapter - ControllerAdvice beans: 0 @ModelAttribute, 0 @InitBinder, 1 RequestBodyAdvice, 1 ResponseBodyAdvice
2025-07-18 19:29:55.451 [main] DEBUG o.s.w.s.m.m.a.ExceptionHandlerExceptionResolver - ControllerAdvice beans: 0 @ExceptionHandler, 1 ResponseBodyAdvice
2025-07-18 19:29:55.539 [main] INFO  o.s.b.a.h.H2ConsoleAutoConfiguration - H2 console available at '/h2-console'. Database available at 'jdbc:h2:mem:laptopstore'
2025-07-18 19:29:55.737 [main] INFO  c.w.l.LaptopstoreApplicationTests - Started LaptopstoreApplicationTests in 31.926 seconds (process running for 36.392)
2025-07-18 19:29:57.171 [SpringApplicationShutdownHook] DEBUG o.s.w.c.s.GenericWebApplicationContext - Closing org.springframework.web.context.support.GenericWebApplicationContext@720653c2, started on Fri Jul 18 19:29:26 IST 2025
2025-07-18 19:29:57.183 [SpringApplicationShutdownHook] INFO  o.s.o.j.LocalContainerEntityManagerFactoryBean - Closing JPA EntityManagerFactory for persistence unit 'default'
2025-07-18 19:29:57.243 [SpringApplicationShutdownHook] INFO  com.zaxxer.hikari.HikariDataSource - HikariPool-1 - Shutdown initiated...
2025-07-18 19:29:57.251 [SpringApplicationShutdownHook] INFO  com.zaxxer.hikari.HikariDataSource - HikariPool-1 - Shutdown completed.
2025-07-18 19:34:50.207 [main] INFO  c.w.l.LaptopstoreApplication - Starting LaptopstoreApplication v0.0.1-SNAPSHOT using Java 24.0.1 with PID 16240 (C:\Users\SDJ\Documents\program\mobileshop\Mobile-Shop\laptopstore-day2\target\laptopstore-0.0.1-SNAPSHOT.jar started by SDJ in C:\Users\SDJ\Documents\program\mobileshop\Mobile-Shop\laptopstore-day2)
2025-07-18 19:34:50.217 [main] DEBUG c.w.l.LaptopstoreApplication - Running with Spring Boot v3.5.3, Spring v6.2.8
2025-07-18 19:34:50.223 [main] INFO  c.w.l.LaptopstoreApplication - No active profile set, falling back to 1 default profile: "default"
2025-07-18 19:34:52.687 [main] INFO  o.s.d.r.c.RepositoryConfigurationDelegate - Bootstrapping Spring Data JPA repositories in DEFAULT mode.
2025-07-18 19:34:53.050 [main] INFO  o.s.d.r.c.RepositoryConfigurationDelegate - Finished Spring Data repository scanning in 191 ms. Found 4 JPA repository interfaces.
2025-07-18 19:34:54.979 [main] INFO  o.s.b.w.e.tomcat.TomcatWebServer - Tomcat initialized with port 8085 (http)
2025-07-18 19:34:55.040 [main] INFO  o.a.catalina.core.StandardService - Starting service [Tomcat]
2025-07-18 19:34:55.042 [main] INFO  o.a.catalina.core.StandardEngine - Starting Servlet engine: [Apache Tomcat/10.1.42]
2025-07-18 19:34:55.203 [main] INFO  o.a.c.c.C.[Tomcat].[localhost].[/] - Initializing Spring embedded WebApplicationContext
2025-07-18 19:34:55.206 [main] INFO  o.s.b.w.s.c.ServletWebServerApplicationContext - Root WebApplicationContext: initialization completed in 4776 ms
2025-07-18 19:34:55.927 [main] INFO  o.h.jpa.internal.util.LogHelper - HHH000204: Processing PersistenceUnitInfo [name: default]
2025-07-18 19:34:56.083 [main] INFO  org.hibernate.Version - HHH000412: Hibernate ORM core version 6.6.18.Final
2025-07-18 19:34:56.194 [main] INFO  o.h.c.i.RegionFactoryInitiator - HHH000026: Second-level cache disabled
2025-07-18 19:34:57.590 [main] INFO  o.s.o.j.p.SpringPersistenceUnitInfo - No LoadTimeWeaver setup: ignoring JPA class transformer
2025-07-18 19:34:57.695 [main] INFO  com.zaxxer.hikari.HikariDataSource - HikariPool-1 - Starting...
2025-07-18 19:34:58.257 [main] INFO  com.zaxxer.hikari.pool.HikariPool - HikariPool-1 - Added connection conn0: url=jdbc:h2:mem:laptopstore user=SA
2025-07-18 19:34:58.263 [main] INFO  com.zaxxer.hikari.HikariDataSource - HikariPool-1 - Start completed.
2025-07-18 19:34:58.370 [main] WARN  org.hibernate.orm.deprecation - HHH90000025: H2Dialect does not need to be specified explicitly using 'hibernate.dialect' (remove the property setting and it will be selected by default)
2025-07-18 19:34:58.467 [main] INFO  o.hibernate.orm.connections.pooling - HHH10001005: Database info:
	Database JDBC URL [Connecting through datasource 'HikariDataSource (HikariPool-1)']
	Database driver: undefined/unknown
	Database version: 2.3.232
	Autocommit mode: undefined/unknown
	Isolation level: undefined/unknown
	Minimum pool size: undefined/unknown
	Maximum pool size: undefined/unknown
2025-07-18 19:35:00.623 [main] INFO  o.h.e.t.j.p.i.JtaPlatformInitiator - HHH000489: No JTA platform available (set 'hibernate.transaction.jta.platform' to enable JTA platform integration)
2025-07-18 19:35:00.840 [main] INFO  o.s.o.j.LocalContainerEntityManagerFactoryBean - Initialized JPA EntityManagerFactory for persistence unit 'default'
2025-07-18 19:35:01.941 [main] INFO  o.s.d.j.r.query.QueryEnhancerFactory - Hibernate is in classpath; If applicable, HQL parser will be used.
2025-07-18 19:35:03.741 [main] INFO  c.w.l.service.LaptopService - Initializing sample laptop data
2025-07-18 19:35:04.286 [main] DEBUG c.w.l.service.LaptopService - No existing laptops found, creating sample data
2025-07-18 19:35:04.409 [main] DEBUG c.w.l.service.LaptopService - Created sample laptop: Dell XPS 13
2025-07-18 19:35:04.414 [main] DEBUG c.w.l.service.LaptopService - Created sample laptop: MacBook Pro 14"
2025-07-18 19:35:04.424 [main] DEBUG c.w.l.service.LaptopService - Created sample laptop: HP Spectre x360
2025-07-18 19:35:04.441 [main] DEBUG c.w.l.service.LaptopService - Created sample laptop: ASUS ROG Strix G15
2025-07-18 19:35:04.447 [main] INFO  c.w.l.service.LaptopService - Successfully initialized 4 sample laptops
2025-07-18 19:35:04.925 [main] WARN  o.s.b.a.o.j.JpaBaseConfiguration$JpaWebConfiguration - spring.jpa.open-in-view is enabled by default. Therefore, database queries may be performed during view rendering. Explicitly configure spring.jpa.open-in-view to disable this warning
2025-07-18 19:35:05.285 [main] DEBUG o.s.w.s.m.m.a.RequestMappingHandlerMapping - 19 mappings in 'requestMappingHandlerMapping'
2025-07-18 19:35:05.542 [main] DEBUG o.s.w.s.h.SimpleUrlHandlerMapping - Patterns [/webjars/**, /**] in 'resourceHandlerMapping'
2025-07-18 19:35:05.630 [main] INFO  o.s.s.c.a.a.c.InitializeUserDetailsBeanManagerConfigurer$InitializeUserDetailsManagerConfigurer - Global AuthenticationManager configured with UserDetailsService bean with name customUserDetailsService
2025-07-18 19:35:05.788 [main] INFO  c.w.l.config.SecurityConfig - Configuring security filter chain
2025-07-18 19:35:05.894 [main] INFO  c.w.l.config.SecurityConfig - Security configuration completed
2025-07-18 19:35:05.968 [main] DEBUG o.s.s.web.DefaultSecurityFilterChain - Will secure any request with filters: DisableEncodeUrlFilter, WebAsyncManagerIntegrationFilter, SecurityContextHolderFilter, HeaderWriterFilter, CsrfFilter, LogoutFilter, UsernamePasswordAuthenticationFilter, RequestCacheAwareFilter, SecurityContextHolderAwareRequestFilter, AnonymousAuthenticationFilter, ExceptionTranslationFilter, AuthorizationFilter
2025-07-18 19:35:06.178 [main] DEBUG o.s.w.s.m.m.a.RequestMappingHandlerAdapter - ControllerAdvice beans: 0 @ModelAttribute, 0 @InitBinder, 1 RequestBodyAdvice, 1 ResponseBodyAdvice
2025-07-18 19:35:06.397 [main] DEBUG o.s.w.s.m.m.a.ExceptionHandlerExceptionResolver - ControllerAdvice beans: 0 @ExceptionHandler, 1 ResponseBodyAdvice
2025-07-18 19:35:06.485 [main] INFO  o.s.b.a.h.H2ConsoleAutoConfiguration - H2 console available at '/h2-console'. Database available at 'jdbc:h2:mem:laptopstore'
2025-07-18 19:35:06.734 [main] INFO  o.s.b.w.e.tomcat.TomcatWebServer - Tomcat started on port 8085 (http) with context path '/'
2025-07-18 19:35:06.791 [main] INFO  c.w.l.LaptopstoreApplication - Started LaptopstoreApplication in 18.52 seconds (process running for 19.866)
2025-07-18 19:36:02.649 [http-nio-8085-exec-1] INFO  o.a.c.c.C.[Tomcat].[localhost].[/] - Initializing Spring DispatcherServlet 'dispatcherServlet'
2025-07-18 19:36:02.650 [http-nio-8085-exec-1] INFO  o.s.web.servlet.DispatcherServlet - Initializing Servlet 'dispatcherServlet'
2025-07-18 19:36:02.651 [http-nio-8085-exec-1] DEBUG o.s.web.servlet.DispatcherServlet - Detected StandardServletMultipartResolver
2025-07-18 19:36:02.652 [http-nio-8085-exec-1] DEBUG o.s.web.servlet.DispatcherServlet - Detected AcceptHeaderLocaleResolver
2025-07-18 19:36:02.654 [http-nio-8085-exec-1] DEBUG o.s.web.servlet.DispatcherServlet - Detected FixedThemeResolver
2025-07-18 19:36:02.660 [http-nio-8085-exec-1] DEBUG o.s.web.servlet.DispatcherServlet - Detected org.springframework.web.servlet.view.DefaultRequestToViewNameTranslator@3990d58e
2025-07-18 19:36:02.667 [http-nio-8085-exec-1] DEBUG o.s.web.servlet.DispatcherServlet - Detected org.springframework.web.servlet.support.SessionFlashMapManager@2e949007
2025-07-18 19:36:02.668 [http-nio-8085-exec-1] DEBUG o.s.web.servlet.DispatcherServlet - enableLoggingRequestDetails='false': request parameters and headers will be masked to prevent unsafe logging of potentially sensitive data
2025-07-18 19:36:02.687 [http-nio-8085-exec-1] INFO  o.s.web.servlet.DispatcherServlet - Completed initialization in 35 ms
2025-07-18 19:36:02.766 [http-nio-8085-exec-1] DEBUG o.s.security.web.FilterChainProxy - Securing GET /
2025-07-18 19:36:02.814 [http-nio-8085-exec-1] DEBUG o.s.security.web.FilterChainProxy - Secured GET /
2025-07-18 19:36:02.821 [http-nio-8085-exec-1] DEBUG o.s.web.servlet.DispatcherServlet - GET "/", parameters={}
2025-07-18 19:36:02.828 [http-nio-8085-exec-1] DEBUG o.s.w.s.m.m.a.RequestMappingHandlerMapping - Mapped to com.wiley.laptopstore.controller.HomeController#home(Model, HttpSession)
2025-07-18 19:36:02.916 [http-nio-8085-exec-1] INFO  c.w.l.controller.HomeController - Accessing home page - displaying all laptops
2025-07-18 19:36:02.918 [http-nio-8085-exec-1] DEBUG c.w.l.service.LaptopService - Retrieving all laptops from database
2025-07-18 19:36:03.021 [http-nio-8085-exec-1] INFO  c.w.l.service.LaptopService - Successfully retrieved 4 laptops from database
2025-07-18 19:36:03.029 [http-nio-8085-exec-1] DEBUG c.w.l.controller.HomeController - Successfully retrieved 4 laptops from database
2025-07-18 19:36:03.255 [http-nio-8085-exec-1] DEBUG c.w.l.controller.HomeController - Cart count for session 2DBD080F5022F3D0F1725B910579B032: 0
2025-07-18 19:36:03.305 [http-nio-8085-exec-1] INFO  c.w.l.controller.HomeController - Home page loaded successfully with 4 laptops, cart count: 0
2025-07-18 19:36:03.421 [http-nio-8085-exec-1] DEBUG o.s.w.s.v.ContentNegotiatingViewResolver - Selected 'text/html' given [text/html, application/xhtml+xml, image/avif, image/webp, image/apng, application/xml;q=0.9, */*;q=0.8, application/signed-exchange;v=b3;q=0.7]
2025-07-18 19:36:04.637 [http-nio-8085-exec-1] DEBUG o.s.s.w.a.AnonymousAuthenticationFilter - Set SecurityContextHolder to anonymous SecurityContext
2025-07-18 19:36:04.906 [http-nio-8085-exec-1] DEBUG o.s.web.servlet.DispatcherServlet - Completed 200 OK
2025-07-18 19:36:04.949 [http-nio-8085-exec-4] DEBUG o.s.security.web.FilterChainProxy - Securing GET /images/dell-xps-13.jpg
2025-07-18 19:36:04.949 [http-nio-8085-exec-2] DEBUG o.s.security.web.FilterChainProxy - Securing GET /css/main.css
2025-07-18 19:36:04.949 [http-nio-8085-exec-3] DEBUG o.s.security.web.FilterChainProxy - Securing GET /images/macbook-pro-14.jpg
2025-07-18 19:36:04.966 [http-nio-8085-exec-4] DEBUG o.s.security.web.FilterChainProxy - Secured GET /images/dell-xps-13.jpg
2025-07-18 19:36:04.966 [http-nio-8085-exec-2] DEBUG o.s.security.web.FilterChainProxy - Secured GET /css/main.css
2025-07-18 19:36:04.968 [http-nio-8085-exec-3] DEBUG o.s.security.web.FilterChainProxy - Secured GET /images/macbook-pro-14.jpg
2025-07-18 19:36:04.968 [http-nio-8085-exec-4] DEBUG o.s.web.servlet.DispatcherServlet - GET "/images/dell-xps-13.jpg", parameters={}
2025-07-18 19:36:04.969 [http-nio-8085-exec-2] DEBUG o.s.web.servlet.DispatcherServlet - GET "/css/main.css", parameters={}
2025-07-18 19:36:04.970 [http-nio-8085-exec-3] DEBUG o.s.web.servlet.DispatcherServlet - GET "/images/macbook-pro-14.jpg", parameters={}
2025-07-18 19:36:04.981 [http-nio-8085-exec-4] DEBUG o.s.w.s.h.SimpleUrlHandlerMapping - Mapped to ResourceHttpRequestHandler [classpath [META-INF/resources/], classpath [resources/], classpath [static/], classpath [public/], ServletContext [/]]
2025-07-18 19:36:04.997 [http-nio-8085-exec-3] DEBUG o.s.w.s.h.SimpleUrlHandlerMapping - Mapped to ResourceHttpRequestHandler [classpath [META-INF/resources/], classpath [resources/], classpath [static/], classpath [public/], ServletContext [/]]
2025-07-18 19:36:04.987 [http-nio-8085-exec-2] DEBUG o.s.w.s.h.SimpleUrlHandlerMapping - Mapped to ResourceHttpRequestHandler [classpath [META-INF/resources/], classpath [resources/], classpath [static/], classpath [public/], ServletContext [/]]
2025-07-18 19:36:05.055 [http-nio-8085-exec-4] DEBUG o.s.web.servlet.DispatcherServlet - Completed 200 OK
2025-07-18 19:36:05.061 [http-nio-8085-exec-3] DEBUG o.s.web.servlet.DispatcherServlet - Completed 200 OK
2025-07-18 19:36:05.066 [http-nio-8085-exec-2] DEBUG o.s.web.servlet.DispatcherServlet - Completed 200 OK
2025-07-18 19:36:05.085 [http-nio-8085-exec-3] DEBUG o.s.s.w.a.AnonymousAuthenticationFilter - Set SecurityContextHolder to anonymous SecurityContext
2025-07-18 19:36:05.085 [http-nio-8085-exec-4] DEBUG o.s.s.w.a.AnonymousAuthenticationFilter - Set SecurityContextHolder to anonymous SecurityContext
2025-07-18 19:36:05.086 [http-nio-8085-exec-2] DEBUG o.s.s.w.a.AnonymousAuthenticationFilter - Set SecurityContextHolder to anonymous SecurityContext
2025-07-18 19:36:05.092 [http-nio-8085-exec-4] DEBUG o.s.security.web.FilterChainProxy - Securing GET /images/hp-spectre-x360.jpg
2025-07-18 19:36:05.099 [http-nio-8085-exec-3] DEBUG o.s.security.web.FilterChainProxy - Securing GET /images/asus-rog-strix-g15.jpg
2025-07-18 19:36:05.102 [http-nio-8085-exec-4] DEBUG o.s.security.web.FilterChainProxy - Secured GET /images/hp-spectre-x360.jpg
2025-07-18 19:36:05.102 [http-nio-8085-exec-3] DEBUG o.s.security.web.FilterChainProxy - Secured GET /images/asus-rog-strix-g15.jpg
2025-07-18 19:36:05.103 [http-nio-8085-exec-4] DEBUG o.s.web.servlet.DispatcherServlet - GET "/images/hp-spectre-x360.jpg", parameters={}
2025-07-18 19:36:05.104 [http-nio-8085-exec-3] DEBUG o.s.web.servlet.DispatcherServlet - GET "/images/asus-rog-strix-g15.jpg", parameters={}
2025-07-18 19:36:05.113 [http-nio-8085-exec-4] DEBUG o.s.w.s.h.SimpleUrlHandlerMapping - Mapped to ResourceHttpRequestHandler [classpath [META-INF/resources/], classpath [resources/], classpath [static/], classpath [public/], ServletContext [/]]
2025-07-18 19:36:05.116 [http-nio-8085-exec-3] DEBUG o.s.w.s.h.SimpleUrlHandlerMapping - Mapped to ResourceHttpRequestHandler [classpath [META-INF/resources/], classpath [resources/], classpath [static/], classpath [public/], ServletContext [/]]
2025-07-18 19:36:05.129 [http-nio-8085-exec-4] DEBUG o.s.web.servlet.DispatcherServlet - Completed 200 OK
2025-07-18 19:36:05.139 [http-nio-8085-exec-4] DEBUG o.s.s.w.a.AnonymousAuthenticationFilter - Set SecurityContextHolder to anonymous SecurityContext
2025-07-18 19:36:05.159 [http-nio-8085-exec-3] DEBUG o.s.web.servlet.DispatcherServlet - Completed 200 OK
2025-07-18 19:36:05.165 [http-nio-8085-exec-3] DEBUG o.s.s.w.a.AnonymousAuthenticationFilter - Set SecurityContextHolder to anonymous SecurityContext
2025-07-18 19:36:09.847 [http-nio-8085-exec-6] DEBUG o.s.security.web.FilterChainProxy - Securing GET /
2025-07-18 19:36:09.850 [http-nio-8085-exec-6] DEBUG o.s.security.web.FilterChainProxy - Secured GET /
2025-07-18 19:36:09.851 [http-nio-8085-exec-6] DEBUG o.s.web.servlet.DispatcherServlet - GET "/", parameters={}
2025-07-18 19:36:09.853 [http-nio-8085-exec-6] DEBUG o.s.w.s.m.m.a.RequestMappingHandlerMapping - Mapped to com.wiley.laptopstore.controller.HomeController#home(Model, HttpSession)
2025-07-18 19:36:09.855 [http-nio-8085-exec-6] INFO  c.w.l.controller.HomeController - Accessing home page - displaying all laptops
2025-07-18 19:36:09.865 [http-nio-8085-exec-6] DEBUG c.w.l.service.LaptopService - Retrieving all laptops from database
2025-07-18 19:36:09.872 [http-nio-8085-exec-6] INFO  c.w.l.service.LaptopService - Successfully retrieved 4 laptops from database
2025-07-18 19:36:09.876 [http-nio-8085-exec-6] DEBUG c.w.l.controller.HomeController - Successfully retrieved 4 laptops from database
2025-07-18 19:36:09.884 [http-nio-8085-exec-6] DEBUG c.w.l.controller.HomeController - Cart count for session 2DBD080F5022F3D0F1725B910579B032: 0
2025-07-18 19:36:09.886 [http-nio-8085-exec-6] INFO  c.w.l.controller.HomeController - Home page loaded successfully with 4 laptops, cart count: 0
2025-07-18 19:36:09.897 [http-nio-8085-exec-6] DEBUG o.s.w.s.v.ContentNegotiatingViewResolver - Selected 'text/html' given [text/html, application/xhtml+xml, image/avif, image/webp, image/apng, application/xml;q=0.9, */*;q=0.8, application/signed-exchange;v=b3;q=0.7]
2025-07-18 19:36:09.901 [http-nio-8085-exec-6] DEBUG o.s.s.w.a.AnonymousAuthenticationFilter - Set SecurityContextHolder to anonymous SecurityContext
2025-07-18 19:36:09.964 [http-nio-8085-exec-6] DEBUG o.s.web.servlet.DispatcherServlet - Completed 200 OK
2025-07-18 19:36:10.021 [http-nio-8085-exec-5] DEBUG o.s.security.web.FilterChainProxy - Securing GET /css/main.css
2025-07-18 19:36:10.033 [http-nio-8085-exec-7] DEBUG o.s.security.web.FilterChainProxy - Securing GET /images/macbook-pro-14.jpg
2025-07-18 19:36:10.034 [http-nio-8085-exec-8] DEBUG o.s.security.web.FilterChainProxy - Securing GET /images/dell-xps-13.jpg
2025-07-18 19:36:10.046 [http-nio-8085-exec-9] DEBUG o.s.security.web.FilterChainProxy - Securing GET /images/hp-spectre-x360.jpg
2025-07-18 19:36:10.050 [http-nio-8085-exec-10] DEBUG o.s.security.web.FilterChainProxy - Securing GET /images/asus-rog-strix-g15.jpg
2025-07-18 19:36:10.054 [http-nio-8085-exec-5] DEBUG o.s.security.web.FilterChainProxy - Secured GET /css/main.css
2025-07-18 19:36:10.068 [http-nio-8085-exec-10] DEBUG o.s.security.web.FilterChainProxy - Secured GET /images/asus-rog-strix-g15.jpg
2025-07-18 19:36:10.061 [http-nio-8085-exec-7] DEBUG o.s.security.web.FilterChainProxy - Secured GET /images/macbook-pro-14.jpg
2025-07-18 19:36:10.066 [http-nio-8085-exec-8] DEBUG o.s.security.web.FilterChainProxy - Secured GET /images/dell-xps-13.jpg
2025-07-18 19:36:10.067 [http-nio-8085-exec-9] DEBUG o.s.security.web.FilterChainProxy - Secured GET /images/hp-spectre-x360.jpg
2025-07-18 19:36:10.069 [http-nio-8085-exec-5] DEBUG o.s.web.servlet.DispatcherServlet - GET "/css/main.css", parameters={}
2025-07-18 19:36:10.070 [http-nio-8085-exec-10] DEBUG o.s.web.servlet.DispatcherServlet - GET "/images/asus-rog-strix-g15.jpg", parameters={}
2025-07-18 19:36:10.070 [http-nio-8085-exec-7] DEBUG o.s.web.servlet.DispatcherServlet - GET "/images/macbook-pro-14.jpg", parameters={}
2025-07-18 19:36:10.078 [http-nio-8085-exec-8] DEBUG o.s.web.servlet.DispatcherServlet - GET "/images/dell-xps-13.jpg", parameters={}
2025-07-18 19:36:10.087 [http-nio-8085-exec-8] DEBUG o.s.w.s.h.SimpleUrlHandlerMapping - Mapped to ResourceHttpRequestHandler [classpath [META-INF/resources/], classpath [resources/], classpath [static/], classpath [public/], ServletContext [/]]
2025-07-18 19:36:10.081 [http-nio-8085-exec-9] DEBUG o.s.web.servlet.DispatcherServlet - GET "/images/hp-spectre-x360.jpg", parameters={}
2025-07-18 19:36:10.082 [http-nio-8085-exec-5] DEBUG o.s.w.s.h.SimpleUrlHandlerMapping - Mapped to ResourceHttpRequestHandler [classpath [META-INF/resources/], classpath [resources/], classpath [static/], classpath [public/], ServletContext [/]]
2025-07-18 19:36:10.083 [http-nio-8085-exec-10] DEBUG o.s.w.s.h.SimpleUrlHandlerMapping - Mapped to ResourceHttpRequestHandler [classpath [META-INF/resources/], classpath [resources/], classpath [static/], classpath [public/], ServletContext [/]]
2025-07-18 19:36:10.085 [http-nio-8085-exec-7] DEBUG o.s.w.s.h.SimpleUrlHandlerMapping - Mapped to ResourceHttpRequestHandler [classpath [META-INF/resources/], classpath [resources/], classpath [static/], classpath [public/], ServletContext [/]]
2025-07-18 19:36:10.101 [http-nio-8085-exec-8] DEBUG o.s.web.servlet.DispatcherServlet - Completed 200 OK
2025-07-18 19:36:10.103 [http-nio-8085-exec-9] DEBUG o.s.w.s.h.SimpleUrlHandlerMapping - Mapped to ResourceHttpRequestHandler [classpath [META-INF/resources/], classpath [resources/], classpath [static/], classpath [public/], ServletContext [/]]
2025-07-18 19:36:10.148 [http-nio-8085-exec-10] DEBUG o.s.web.servlet.DispatcherServlet - Completed 200 OK
2025-07-18 19:36:10.126 [http-nio-8085-exec-5] DEBUG o.s.web.servlet.DispatcherServlet - Completed 200 OK
2025-07-18 19:36:10.152 [http-nio-8085-exec-7] DEBUG o.s.web.servlet.DispatcherServlet - Completed 200 OK
2025-07-18 19:36:10.186 [http-nio-8085-exec-8] DEBUG o.s.s.w.a.AnonymousAuthenticationFilter - Set SecurityContextHolder to anonymous SecurityContext
2025-07-18 19:36:10.214 [http-nio-8085-exec-9] DEBUG o.s.web.servlet.DispatcherServlet - Completed 200 OK
2025-07-18 19:36:10.246 [http-nio-8085-exec-10] DEBUG o.s.s.w.a.AnonymousAuthenticationFilter - Set SecurityContextHolder to anonymous SecurityContext
2025-07-18 19:36:10.249 [http-nio-8085-exec-7] DEBUG o.s.s.w.a.AnonymousAuthenticationFilter - Set SecurityContextHolder to anonymous SecurityContext
2025-07-18 19:36:10.249 [http-nio-8085-exec-5] DEBUG o.s.s.w.a.AnonymousAuthenticationFilter - Set SecurityContextHolder to anonymous SecurityContext
2025-07-18 19:36:10.250 [http-nio-8085-exec-9] DEBUG o.s.s.w.a.AnonymousAuthenticationFilter - Set SecurityContextHolder to anonymous SecurityContext
